<?xml version="1.0" encoding="UTF-8"?>
<!-- Generated by org.testng.reporters.JUnitReportReporter -->
<testsuite hostname="the-deadman" failures="0" tests="1" name="com.practo.verifyTopCities" time="25.916" errors="0" timestamp="12 May 2021 05:24:12 GMT" skipped="0">
  <testcase classname="com.practo.verifyTopCities" name="countCities" time="25.916"/>
</testsuite> <!-- com.practo.verifyTopCities -->
