<?xml version="1.0" encoding="UTF-8"?>
<!-- Generated by org.testng.reporters.JUnitReportReporter -->
<testsuite hostname="LAPTOP-4NFU85VS" failures="0" tests="1" name="com.practo.verifyTopCities" time="9.032" errors="0" timestamp="11 May 2021 11:52:12 GMT" skipped="0">
  <testcase classname="com.practo.verifyTopCities" name="countCities" time="9.032"/>
</testsuite> <!-- com.practo.verifyTopCities -->
